2025-08-10 16:21:00,606 INFO __main__: Fetching BTC from yf
2025-08-10 16:21:02,391 ERROR yfinance: 
1 Failed download:
2025-08-10 16:21:02,391 ERROR yfinance: ['BTC-USD']: YFInvalidPeriodError("BTC-USD: Period '3650' is invalid, must be one of: 1d, 5d, 1mo, 3mo, 6mo, 1y, 2y, 5y, 10y, ytd, max")
2025-08-10 16:21:02,397 INFO __main__: Saved 0 rows to data\BTC_USD_1d.csv
2025-08-10 16:21:02,397 INFO __main__: Fetching ETH from yf
2025-08-10 16:21:03,585 ERROR yfinance: 
1 Failed download:
2025-08-10 16:21:03,585 ERROR yfinance: ['ETH-USD']: YFInvalidPeriodError("ETH-USD: Period '3650' is invalid, must be one of: 1d, 5d, 1mo, 3mo, 6mo, 1y, 2y, 5y, 10y, ytd, max")
2025-08-10 16:21:03,588 INFO __main__: Saved 0 rows to data\ETH_USD_1d.csv
2025-08-10 17:26:54,322 INFO __main__: Fetching BTC from yf
2025-08-10 17:26:56,641 ERROR yfinance: Failed to get ticker 'BTC-USD' reason: Expecting value: line 1 column 1 (char 0)
2025-08-10 17:26:56,771 ERROR yfinance: 
1 Failed download:
2025-08-10 17:26:56,771 ERROR yfinance: ['BTC-USD']: JSONDecodeError('Expecting value: line 1 column 1 (char 0)')
2025-08-10 17:26:56,775 INFO __main__: Saved 0 rows to data\BTC_USD_1d.csv
2025-08-10 17:32:18,541 INFO __main__: Fetching BTC from yf
2025-08-10 17:32:20,134 ERROR yfinance: Failed to get ticker 'BTC-USD' reason: Expecting value: line 1 column 1 (char 0)
2025-08-10 17:32:20,467 ERROR yfinance: 
1 Failed download:
2025-08-10 17:32:20,467 ERROR yfinance: ['BTC-USD']: JSONDecodeError('Expecting value: line 1 column 1 (char 0)')
2025-08-10 17:32:20,473 INFO __main__: Saved 0 rows to data\BTC_USD_1d.csv
2025-08-10 17:36:04,966 INFO __main__: Fetching BTC from yf
2025-08-10 17:36:06,525 ERROR yfinance: Failed to get ticker 'BTC-USD' reason: Expecting value: line 1 column 1 (char 0)
2025-08-10 17:36:06,796 ERROR yfinance: 
1 Failed download:
2025-08-10 17:36:06,796 ERROR yfinance: ['BTC-USD']: JSONDecodeError('Expecting value: line 1 column 1 (char 0)')
2025-08-10 17:36:06,801 INFO __main__: Saved 0 rows to data\BTC_USD_1d.csv
2025-08-10 17:40:44,421 INFO __main__: Fetching BTC from yf
2025-08-10 17:40:45,977 ERROR yfinance: Failed to get ticker 'BTC-USD' reason: Expecting value: line 1 column 1 (char 0)
2025-08-10 17:40:46,233 ERROR yfinance: 
1 Failed download:
2025-08-10 17:40:46,233 ERROR yfinance: ['BTC-USD']: JSONDecodeError('Expecting value: line 1 column 1 (char 0)')
2025-08-10 17:40:46,236 INFO __main__: Saved 0 rows to data\BTC_USD_1d.csv
2025-08-10 17:42:10,882 INFO __main__: Fetching BTC from yf
2025-08-10 17:42:12,450 ERROR yfinance: Failed to get ticker 'BTC-USD' reason: Expecting value: line 1 column 1 (char 0)
2025-08-10 17:42:12,692 ERROR yfinance: 
1 Failed download:
2025-08-10 17:42:12,692 ERROR yfinance: ['BTC-USD']: JSONDecodeError('Expecting value: line 1 column 1 (char 0)')
2025-08-10 17:42:12,695 INFO __main__: Saved 0 rows to data\BTC_USD_1d.csv
2025-08-10 17:44:37,193 INFO __main__: Fetching BTC from yf
2025-08-10 17:44:38,728 ERROR yfinance: Failed to get ticker 'BTC-USD' reason: Expecting value: line 1 column 1 (char 0)
2025-08-10 17:44:38,991 ERROR yfinance: 
1 Failed download:
2025-08-10 17:44:38,991 ERROR yfinance: ['BTC-USD']: JSONDecodeError('Expecting value: line 1 column 1 (char 0)')
2025-08-10 17:44:38,996 INFO __main__: Saved 0 rows to data\BTC_USD_1d.csv
